  stdafx.cpp
  client_dll.cpp
  dllmain.cpp
client.lib(vpn_client.obj) : error LNK2038: 检测到“RuntimeLibrary”的不匹配项: 值“MT_StaticRelease”不匹配值“MD_DynamicRelease”(client_dll.obj 中)
client.lib(client_universal_dht.obj) : error LNK2038: 检测到“RuntimeLibrary”的不匹配项: 值“MT_StaticRelease”不匹配值“MD_DynamicRelease”(client_dll.obj 中)
client.lib(client.pb.obj) : error LNK2038: 检测到“RuntimeLibrary”的不匹配项: 值“MT_StaticRelease”不匹配值“MD_DynamicRelease”(client_dll.obj 中)
libcpmt.lib(locale0.obj) : error LNK2038: 检测到“RuntimeLibrary”的不匹配项: 值“MT_StaticRelease”不匹配值“MD_DynamicRelease”(client_dll.obj 中)
libcpmt.lib(cout.obj) : error LNK2038: 检测到“RuntimeLibrary”的不匹配项: 值“MT_StaticRelease”不匹配值“MD_DynamicRelease”(client_dll.obj 中)
libcpmt.lib(locale.obj) : error LNK2038: 检测到“RuntimeLibrary”的不匹配项: 值“MT_StaticRelease”不匹配值“MD_DynamicRelease”(client_dll.obj 中)
libcpmt.lib(iosptrs.obj) : error LNK2038: 检测到“RuntimeLibrary”的不匹配项: 值“MT_StaticRelease”不匹配值“MD_DynamicRelease”(client_dll.obj 中)
libcpmt.lib(xlock.obj) : error LNK2038: 检测到“RuntimeLibrary”的不匹配项: 值“MT_StaticRelease”不匹配值“MD_DynamicRelease”(client_dll.obj 中)
libcpmt.lib(ios.obj) : error LNK2038: 检测到“RuntimeLibrary”的不匹配项: 值“MT_StaticRelease”不匹配值“MD_DynamicRelease”(client_dll.obj 中)
libcpmt.lib(xthrow.obj) : error LNK2038: 检测到“RuntimeLibrary”的不匹配项: 值“MT_StaticRelease”不匹配值“MD_DynamicRelease”(client_dll.obj 中)
libcpmt.lib(wlocale.obj) : error LNK2038: 检测到“RuntimeLibrary”的不匹配项: 值“MT_StaticRelease”不匹配值“MD_DynamicRelease”(client_dll.obj 中)
libcpmt.lib(xlocale.obj) : error LNK2038: 检测到“RuntimeLibrary”的不匹配项: 值“MT_StaticRelease”不匹配值“MD_DynamicRelease”(client_dll.obj 中)
libcpmt.lib(xdateord.obj) : error LNK2038: 检测到“RuntimeLibrary”的不匹配项: 值“MT_StaticRelease”不匹配值“MD_DynamicRelease”(client_dll.obj 中)
libcpmt.lib(winapisupp.obj) : error LNK2038: 检测到“RuntimeLibrary”的不匹配项: 值“MT_StaticRelease”不匹配值“MD_DynamicRelease”(client_dll.obj 中)
libcpmt.lib(StlCompareStringA.obj) : error LNK2038: 检测到“RuntimeLibrary”的不匹配项: 值“MT_StaticRelease”不匹配值“MD_DynamicRelease”(client_dll.obj 中)
libcpmt.lib(winapinls.obj) : error LNK2038: 检测到“RuntimeLibrary”的不匹配项: 值“MT_StaticRelease”不匹配值“MD_DynamicRelease”(client_dll.obj 中)
libcpmt.lib(StlCompareStringW.obj) : error LNK2038: 检测到“RuntimeLibrary”的不匹配项: 值“MT_StaticRelease”不匹配值“MD_DynamicRelease”(client_dll.obj 中)
libcpmt.lib(StlLCMapStringW.obj) : error LNK2038: 检测到“RuntimeLibrary”的不匹配项: 值“MT_StaticRelease”不匹配值“MD_DynamicRelease”(client_dll.obj 中)
libcpmt.lib(StlLCMapStringA.obj) : error LNK2038: 检测到“RuntimeLibrary”的不匹配项: 值“MT_StaticRelease”不匹配值“MD_DynamicRelease”(client_dll.obj 中)
    正在创建库 D:\lego\lego\sln\Release\client_dll.lib 和对象 D:\lego\lego\sln\Release\client_dll.exp
LINK : warning LNK4098: 默认库“LIBCMT”与其他库的使用冲突；请使用 /NODEFAULTLIB:library
client.lib(vpn_client.obj) : error LNK2001: 无法解析的外部符号 "class std::basic_string<char,struct std::char_traits<char>,class std::allocator<char> > __cdecl lego::common::CreateGID(class std::basic_string<char,struct std::char_traits<char>,class std::allocator<char> > const &)" (?CreateGID@common@lego@@YA?AV?$basic_string@DU?$char_traits@D@std@@V?$allocator@D@2@@std@@ABV34@@Z)
client.lib(vpn_client.obj) : error LNK2001: 无法解析的外部符号 "unsigned short __cdecl lego::common::GetVpnServerPort(class std::basic_string<char,struct std::char_traits<char>,class std::allocator<char> > const &,unsigned int)" (?GetVpnServerPort@common@lego@@YAGABV?$basic_string@DU?$char_traits@D@std@@V?$allocator@D@2@@std@@I@Z)
client.lib(vpn_client.obj) : error LNK2001: 无法解析的外部符号 "unsigned short __cdecl lego::common::GetVpnRoutePort(class std::basic_string<char,struct std::char_traits<char>,class std::allocator<char> > const &,unsigned int)" (?GetVpnRoutePort@common@lego@@YAGABV?$basic_string@DU?$char_traits@D@std@@V?$allocator@D@2@@std@@I@Z)
client.lib(vpn_client.obj) : error LNK2001: 无法解析的外部符号 "public: __thiscall lego::common::Tick::Tick(void)" (??0Tick@common@lego@@QAE@XZ)
client.lib(vpn_client.obj) : error LNK2001: 无法解析的外部符号 "public: __thiscall lego::common::Tick::~Tick(void)" (??1Tick@common@lego@@QAE@XZ)
client.lib(vpn_client.obj) : error LNK2001: 无法解析的外部符号 "public: void __thiscall lego::common::Tick::CutOff(__int64,class std::function<void __cdecl(void)>)" (?CutOff@Tick@common@lego@@QAEX_JV?$function@$$A6AXXZ@std@@@Z)
client.lib(vpn_client.obj) : error LNK2001: 无法解析的外部符号 "public: bool __thiscall google::protobuf::MessageLite::ParseFromString(class std::basic_string<char,struct std::char_traits<char>,class std::allocator<char> > const &)" (?ParseFromString@MessageLite@protobuf@google@@QAE_NABV?$basic_string@DU?$char_traits@D@std@@V?$allocator@D@2@@std@@@Z)
client.lib(client_universal_dht.obj) : error LNK2001: 无法解析的外部符号 "public: bool __thiscall google::protobuf::MessageLite::ParseFromString(class std::basic_string<char,struct std::char_traits<char>,class std::allocator<char> > const &)" (?ParseFromString@MessageLite@protobuf@google@@QAE_NABV?$basic_string@DU?$char_traits@D@std@@V?$allocator@D@2@@std@@@Z)
client.lib(vpn_client.obj) : error LNK2001: 无法解析的外部符号 "public: class std::basic_string<char,struct std::char_traits<char>,class std::allocator<char> > __thiscall google::protobuf::MessageLite::SerializeAsString(void)const " (?SerializeAsString@MessageLite@protobuf@google@@QBE?AV?$basic_string@DU?$char_traits@D@std@@V?$allocator@D@2@@std@@XZ)
client.lib(vpn_client.obj) : error LNK2001: 无法解析的外部符号 "protected: void __thiscall google::protobuf::internal::RepeatedPtrFieldBase::Reserve(int)" (?Reserve@RepeatedPtrFieldBase@internal@protobuf@google@@IAEXH@Z)
client.lib(client.pb.obj) : error LNK2001: 无法解析的外部符号 "protected: void __thiscall google::protobuf::internal::RepeatedPtrFieldBase::Reserve(int)" (?Reserve@RepeatedPtrFieldBase@internal@protobuf@google@@IAEXH@Z)
client.lib(vpn_client.obj) : error LNK2001: 无法解析的外部符号 "private: void * * __thiscall google::protobuf::internal::RepeatedPtrFieldBase::InternalExtend(int)" (?InternalExtend@RepeatedPtrFieldBase@internal@protobuf@google@@AAEPAPAXH@Z)
client.lib(client.pb.obj) : error LNK2001: 无法解析的外部符号 "private: void * * __thiscall google::protobuf::internal::RepeatedPtrFieldBase::InternalExtend(int)" (?InternalExtend@RepeatedPtrFieldBase@internal@protobuf@google@@AAEPAPAXH@Z)
client.lib(vpn_client.obj) : error LNK2001: 无法解析的外部符号 "private: static class lego::transport::protobuf::BroadcastParam * __cdecl google::protobuf::Arena::CreateMaybeMessage<class lego::transport::protobuf::BroadcastParam>(class google::protobuf::Arena *)" (??$CreateMaybeMessage@VBroadcastParam@protobuf@transport@lego@@$$V@Arena@protobuf@google@@CAPAVBroadcastParam@1transport@lego@@PAV012@@Z)
client.lib(vpn_client.obj) : error LNK2001: 无法解析的外部符号 "public: __thiscall lego::transport::protobuf::Header::Header(void)" (??0Header@protobuf@transport@lego@@QAE@XZ)
client.lib(vpn_client.obj) : error LNK2001: 无法解析的外部符号 "public: virtual __thiscall lego::transport::protobuf::Header::~Header(void)" (??1Header@protobuf@transport@lego@@UAE@XZ)
client.lib(vpn_client.obj) : error LNK2001: 无法解析的外部符号 "public: static class lego::transport::MultiThreadHandler * __cdecl lego::transport::MultiThreadHandler::Instance(void)" (?Instance@MultiThreadHandler@transport@lego@@SAPAV123@XZ)
client.lib(vpn_client.obj) : error LNK2001: 无法解析的外部符号 "public: void __thiscall lego::transport::MultiThreadHandler::Init(class std::shared_ptr<class lego::transport::Transport> &)" (?Init@MultiThreadHandler@transport@lego@@QAEXAAV?$shared_ptr@VTransport@transport@lego@@@std@@@Z)
client.lib(vpn_client.obj) : error LNK2001: 无法解析的外部符号 "public: void __thiscall lego::transport::MultiThreadHandler::ResetTransport(class std::shared_ptr<class lego::transport::Transport> &)" (?ResetTransport@MultiThreadHandler@transport@lego@@QAEXAAV?$shared_ptr@VTransport@transport@lego@@@std@@@Z)
client.lib(vpn_client.obj) : error LNK2001: 无法解析的外部符号 "public: static unsigned __int64 __cdecl lego::common::Hash::Hash64(class std::basic_string<char,struct std::char_traits<char>,class std::allocator<char> > const &)" (?Hash64@Hash@common@lego@@SA_KABV?$basic_string@DU?$char_traits@D@std@@V?$allocator@D@2@@std@@@Z)
client.lib(vpn_client.obj) : error LNK2001: 无法解析的外部符号 "public: static class std::basic_string<char,struct std::char_traits<char>,class std::allocator<char> > __cdecl lego::common::Hash::Hash128(class std::basic_string<char,struct std::char_traits<char>,class std::allocator<char> > const &)" (?Hash128@Hash@common@lego@@SA?AV?$basic_string@DU?$char_traits@D@std@@V?$allocator@D@2@@std@@ABV45@@Z)
client.lib(vpn_client.obj) : error LNK2001: 无法解析的外部符号 "public: static class std::basic_string<char,struct std::char_traits<char>,class std::allocator<char> > __cdecl lego::common::Hash::Hash192(class std::basic_string<char,struct std::char_traits<char>,class std::allocator<char> > const &)" (?Hash192@Hash@common@lego@@SA?AV?$basic_string@DU?$char_traits@D@std@@V?$allocator@D@2@@std@@ABV45@@Z)
client.lib(vpn_client.obj) : error LNK2001: 无法解析的外部符号 "public: static class std::basic_string<char,struct std::char_traits<char>,class std::allocator<char> > __cdecl lego::common::Hash::Sha256(class std::basic_string<char,struct std::char_traits<char>,class std::allocator<char> > const &)" (?Sha256@Hash@common@lego@@SA?AV?$basic_string@DU?$char_traits@D@std@@V?$allocator@D@2@@std@@ABV45@@Z)
client.lib(vpn_client.obj) : error LNK2001: 无法解析的外部符号 "public: static class std::basic_string<char,struct std::char_traits<char>,class std::allocator<char> > __cdecl lego::common::Encode::HexEncode(class std::basic_string<char,struct std::char_traits<char>,class std::allocator<char> > const &)" (?HexEncode@Encode@common@lego@@SA?AV?$basic_string@DU?$char_traits@D@std@@V?$allocator@D@2@@std@@ABV45@@Z)
client.lib(vpn_client.obj) : error LNK2001: 无法解析的外部符号 "public: static class std::basic_string<char,struct std::char_traits<char>,class std::allocator<char> > __cdecl lego::common::Encode::HexDecode(class std::basic_string<char,struct std::char_traits<char>,class std::allocator<char> > const &)" (?HexDecode@Encode@common@lego@@SA?AV?$basic_string@DU?$char_traits@D@std@@V?$allocator@D@2@@std@@ABV45@@Z)
client.lib(vpn_client.obj) : error LNK2001: 无法解析的外部符号 "public: __thiscall lego::security::PrivateKey::PrivateKey(void)" (??0PrivateKey@security@lego@@QAE@XZ)
client.lib(vpn_client.obj) : error LNK2001: 无法解析的外部符号 "public: __thiscall lego::security::PrivateKey::PrivateKey(class lego::security::PrivateKey const &)" (??0PrivateKey@security@lego@@QAE@ABV012@@Z)
client.lib(vpn_client.obj) : error LNK2001: 无法解析的外部符号 "public: __thiscall lego::security::PrivateKey::PrivateKey(class std::basic_string<char,struct std::char_traits<char>,class std::allocator<char> > const &)" (??0PrivateKey@security@lego@@QAE@ABV?$basic_string@DU?$char_traits@D@std@@V?$allocator@D@2@@std@@@Z)
client.lib(vpn_client.obj) : error LNK2001: 无法解析的外部符号 "public: unsigned int __thiscall lego::security::PrivateKey::Serialize(class std::basic_string<char,struct std::char_traits<char>,class std::allocator<char> > &)const " (?Serialize@PrivateKey@security@lego@@QBEIAAV?$basic_string@DU?$char_traits@D@std@@V?$allocator@D@2@@std@@@Z)
client.lib(vpn_client.obj) : error LNK2001: 无法解析的外部符号 "public: __thiscall lego::security::PublicKey::PublicKey(void)" (??0PublicKey@security@lego@@QAE@XZ)
client.lib(vpn_client.obj) : error LNK2001: 无法解析的外部符号 "public: __thiscall lego::security::PublicKey::PublicKey(class lego::security::PrivateKey &)" (??0PublicKey@security@lego@@QAE@AAVPrivateKey@12@@Z)
client.lib(vpn_client.obj) : error LNK2001: 无法解析的外部符号 "public: __thiscall lego::security::PublicKey::PublicKey(class std::basic_string<char,struct std::char_traits<char>,class std::allocator<char> > const &)" (??0PublicKey@security@lego@@QAE@ABV?$basic_string@DU?$char_traits@D@std@@V?$allocator@D@2@@std@@@Z)
client.lib(vpn_client.obj) : error LNK2001: 无法解析的外部符号 "public: __thiscall lego::security::PublicKey::PublicKey(class lego::security::PublicKey const &)" (??0PublicKey@security@lego@@QAE@ABV012@@Z)
client.lib(vpn_client.obj) : error LNK2001: 无法解析的外部符号 "public: __thiscall lego::security::PublicKey::~PublicKey(void)" (??1PublicKey@security@lego@@QAE@XZ)
client.lib(vpn_client.obj) : error LNK2001: 无法解析的外部符号 "public: unsigned int __thiscall lego::security::PublicKey::Serialize(class std::basic_string<char,struct std::char_traits<char>,class std::allocator<char> > &)const " (?Serialize@PublicKey@security@lego@@QBEIAAV?$basic_string@DU?$char_traits@D@std@@V?$allocator@D@2@@std@@@Z)
client.lib(vpn_client.obj) : error LNK2001: 无法解析的外部符号 "public: int __thiscall lego::security::PublicKey::Deserialize(class std::basic_string<char,struct std::char_traits<char>,class std::allocator<char> > const &)" (?Deserialize@PublicKey@security@lego@@QAEHABV?$basic_string@DU?$char_traits@D@std@@V?$allocator@D@2@@std@@@Z)
client.lib(vpn_client.obj) : error LNK2001: 无法解析的外部符号 "public: __thiscall lego::security::Signature::Signature(void)" (??0Signature@security@lego@@QAE@XZ)
client.lib(vpn_client.obj) : error LNK2001: 无法解析的外部符号 "public: __thiscall lego::security::Signature::~Signature(void)" (??1Signature@security@lego@@QAE@XZ)
client.lib(vpn_client.obj) : error LNK2001: 无法解析的外部符号 "public: unsigned int __thiscall lego::security::Signature::Serialize(class std::basic_string<char,struct std::char_traits<char>,class std::allocator<char> > &,class std::basic_string<char,struct std::char_traits<char>,class std::allocator<char> > &)const " (?Serialize@Signature@security@lego@@QBEIAAV?$basic_string@DU?$char_traits@D@std@@V?$allocator@D@2@@std@@0@Z)
client.lib(vpn_client.obj) : error LNK2001: 无法解析的外部符号 "public: static class log4cpp::Category & __cdecl log4cpp::Category::getInstance(class std::basic_string<char,struct std::char_traits<char>,class std::allocator<char> > const &)" (?getInstance@Category@log4cpp@@SAAAV12@ABV?$basic_string@DU?$char_traits@D@std@@V?$allocator@D@2@@std@@@Z)
client.lib(client_universal_dht.obj) : error LNK2001: 无法解析的外部符号 "public: static class log4cpp::Category & __cdecl log4cpp::Category::getInstance(class std::basic_string<char,struct std::char_traits<char>,class std::allocator<char> > const &)" (?getInstance@Category@log4cpp@@SAAAV12@ABV?$basic_string@DU?$char_traits@D@std@@V?$allocator@D@2@@std@@@Z)
client.lib(vpn_client.obj) : error LNK2001: 无法解析的外部符号 "public: void __cdecl log4cpp::Category::debug(char const *,...)" (?debug@Category@log4cpp@@QAAXPBDZZ)
client.lib(client_universal_dht.obj) : error LNK2001: 无法解析的外部符号 "public: void __cdecl log4cpp::Category::debug(char const *,...)" (?debug@Category@log4cpp@@QAAXPBDZZ)
client.lib(vpn_client.obj) : error LNK2001: 无法解析的外部符号 "public: void __cdecl log4cpp::Category::error(char const *,...)" (?error@Category@log4cpp@@QAAXPBDZZ)
client.lib(vpn_client.obj) : error LNK2001: 无法解析的外部符号 "public: static void __cdecl log4cpp::PropertyConfigurator::configure(class std::basic_string<char,struct std::char_traits<char>,class std::allocator<char> > const &)" (?configure@PropertyConfigurator@log4cpp@@SAXABV?$basic_string@DU?$char_traits@D@std@@V?$allocator@D@2@@std@@@Z)
client.lib(vpn_client.obj) : error LNK2001: 无法解析的外部符号 "public: void __thiscall lego::dht::BaseDht::SendToClosestNode(class lego::transport::protobuf::Header &)" (?SendToClosestNode@BaseDht@dht@lego@@QAEXAAVHeader@protobuf@transport@3@@Z)
client.lib(vpn_client.obj) : error LNK2001: 无法解析的外部符号 "public: __thiscall lego::common::Config::Config(void)" (??0Config@common@lego@@QAE@XZ)
client.lib(vpn_client.obj) : error LNK2001: 无法解析的外部符号 "public: __thiscall lego::common::Config::~Config(void)" (??1Config@common@lego@@QAE@XZ)
client.lib(vpn_client.obj) : error LNK2001: 无法解析的外部符号 "public: bool __thiscall lego::common::Config::Init(class std::basic_string<char,struct std::char_traits<char>,class std::allocator<char> > const &)" (?Init@Config@common@lego@@QAE_NABV?$basic_string@DU?$char_traits@D@std@@V?$allocator@D@2@@std@@@Z)
client.lib(vpn_client.obj) : error LNK2001: 无法解析的外部符号 "public: bool __thiscall lego::common::Config::DumpConfig(class std::basic_string<char,struct std::char_traits<char>,class std::allocator<char> > const &)" (?DumpConfig@Config@common@lego@@QAE_NABV?$basic_string@DU?$char_traits@D@std@@V?$allocator@D@2@@std@@@Z)
client.lib(vpn_client.obj) : error LNK2001: 无法解析的外部符号 "public: bool __thiscall lego::common::Config::Get(class std::basic_string<char,struct std::char_traits<char>,class std::allocator<char> > const &,class std::basic_string<char,struct std::char_traits<char>,class std::allocator<char> > const &,class std::basic_string<char,struct std::char_traits<char>,class std::allocator<char> > &)const " (?Get@Config@common@lego@@QBE_NABV?$basic_string@DU?$char_traits@D@std@@V?$allocator@D@2@@std@@0AAV45@@Z)
client.lib(vpn_client.obj) : error LNK2001: 无法解析的外部符号 "public: bool __thiscall lego::common::Config::Get(class std::basic_string<char,struct std::char_traits<char>,class std::allocator<char> > const &,class std::basic_string<char,struct std::char_traits<char>,class std::allocator<char> > const &,bool &)const " (?Get@Config@common@lego@@QBE_NABV?$basic_string@DU?$char_traits@D@std@@V?$allocator@D@2@@std@@0AA_N@Z)
client.lib(vpn_client.obj) : error LNK2001: 无法解析的外部符号 "public: bool __thiscall lego::common::Config::Set(class std::basic_string<char,struct std::char_traits<char>,class std::allocator<char> > const &,class std::basic_string<char,struct std::char_traits<char>,class std::allocator<char> > const &,class std::basic_string<char,struct std::char_traits<char>,class std::allocator<char> > const &)" (?Set@Config@common@lego@@QAE_NABV?$basic_string@DU?$char_traits@D@std@@V?$allocator@D@2@@std@@00@Z)
client.lib(vpn_client.obj) : error LNK2001: 无法解析的外部符号 "public: bool __thiscall lego::common::Config::Set(class std::basic_string<char,struct std::char_traits<char>,class std::allocator<char> > const &,class std::basic_string<char,struct std::char_traits<char>,class std::allocator<char> > const &,unsigned short)" (?Set@Config@common@lego@@QAE_NABV?$basic_string@DU?$char_traits@D@std@@V?$allocator@D@2@@std@@0G@Z)
client.lib(vpn_client.obj) : error LNK2001: 无法解析的外部符号 "public: bool __thiscall lego::common::Config::Set(class std::basic_string<char,struct std::char_traits<char>,class std::allocator<char> > const &,class std::basic_string<char,struct std::char_traits<char>,class std::allocator<char> > const &,bool)" (?Set@Config@common@lego@@QAE_NABV?$basic_string@DU?$char_traits@D@std@@V?$allocator@D@2@@std@@0_N@Z)
client.lib(vpn_client.obj) : error LNK2001: 无法解析的外部符号 "public: static class lego::common::GlobalInfo * __cdecl lego::common::GlobalInfo::Instance(void)" (?Instance@GlobalInfo@common@lego@@SAPAV123@XZ)
client.lib(vpn_client.obj) : error LNK2001: 无法解析的外部符号 "public: int __thiscall lego::common::GlobalInfo::Init(class lego::common::Config const &)" (?Init@GlobalInfo@common@lego@@QAEHABVConfig@23@@Z)
client.lib(vpn_client.obj) : error LNK2001: 无法解析的外部符号 "public: static class lego::security::Schnorr * __cdecl lego::security::Schnorr::Instance(void)" (?Instance@Schnorr@security@lego@@SAPAV123@XZ)
client.lib(vpn_client.obj) : error LNK2001: 无法解析的外部符号 "public: bool __thiscall lego::security::Schnorr::Sign(class std::basic_string<char,struct std::char_traits<char>,class std::allocator<char> > const &,class lego::security::PrivateKey const &,class lego::security::PublicKey const &,class lego::security::Signature &)" (?Sign@Schnorr@security@lego@@QAE_NABV?$basic_string@DU?$char_traits@D@std@@V?$allocator@D@2@@std@@ABVPrivateKey@23@ABVPublicKey@23@AAVSignature@23@@Z)
client.lib(vpn_client.obj) : error LNK2001: 无法解析的外部符号 "public: static class lego::security::EcdhCreateKey * __cdecl lego::security::EcdhCreateKey::Instance(void)" (?Instance@EcdhCreateKey@security@lego@@SAPAV123@XZ)
client.lib(vpn_client.obj) : error LNK2001: 无法解析的外部符号 "public: int __thiscall lego::security::EcdhCreateKey::Init(void)" (?Init@EcdhCreateKey@security@lego@@QAEHXZ)
client.lib(vpn_client.obj) : error LNK2001: 无法解析的外部符号 "public: int __thiscall lego::security::EcdhCreateKey::CreateKey(class lego::security::PublicKey const &,class std::basic_string<char,struct std::char_traits<char>,class std::allocator<char> > &)" (?CreateKey@EcdhCreateKey@security@lego@@QAEHABVPublicKey@23@AAV?$basic_string@DU?$char_traits@D@std@@V?$allocator@D@2@@std@@@Z)
client.lib(vpn_client.obj) : error LNK2001: 无法解析的外部符号 "public: static int __cdecl lego::security::Aes::Encrypt(char *,int,char *,int,char *)" (?Encrypt@Aes@security@lego@@SAHPADH0H0@Z)
client.lib(vpn_client.obj) : error LNK2001: 无法解析的外部符号 "public: static int __cdecl lego::security::Aes::Decrypt(char *,int,char *,int,char *)" (?Decrypt@Aes@security@lego@@SAHPADH0H0@Z)
client.lib(vpn_client.obj) : error LNK2001: 无法解析的外部符号 "public: __thiscall lego::transport::UdpTransport::UdpTransport(class std::basic_string<char,struct std::char_traits<char>,class std::allocator<char> > const &,unsigned short,unsigned int,unsigned int)" (??0UdpTransport@transport@lego@@QAE@ABV?$basic_string@DU?$char_traits@D@std@@V?$allocator@D@2@@std@@GII@Z)
client.lib(vpn_client.obj) : error LNK2001: 无法解析的外部符号 "public: __thiscall lego::dht::DhtKeyManager::DhtKeyManager(unsigned int,unsigned char)" (??0DhtKeyManager@dht@lego@@QAE@IE@Z)
client.lib(vpn_client.obj) : error LNK2001: 无法解析的外部符号 "public: __thiscall lego::dht::DhtKeyManager::DhtKeyManager(unsigned int,unsigned char,class std::basic_string<char,struct std::char_traits<char>,class std::allocator<char> > const &)" (??0DhtKeyManager@dht@lego@@QAE@IEABV?$basic_string@DU?$char_traits@D@std@@V?$allocator@D@2@@std@@@Z)
client.lib(vpn_client.obj) : error LNK2001: 无法解析的外部符号 "public: __thiscall lego::dht::DhtKeyManager::~DhtKeyManager(void)" (??1DhtKeyManager@dht@lego@@QAE@XZ)
client.lib(vpn_client.obj) : error LNK2001: 无法解析的外部符号 "public: class std::basic_string<char,struct std::char_traits<char>,class std::allocator<char> > const & __thiscall lego::dht::DhtKeyManager::StrKey(void)" (?StrKey@DhtKeyManager@dht@lego@@QAEABV?$basic_string@DU?$char_traits@D@std@@V?$allocator@D@2@@std@@XZ)
client.lib(vpn_client.obj) : error LNK2001: 无法解析的外部符号 "public: static unsigned int __cdecl lego::dht::DhtKeyManager::DhtKeyGetNetId(class std::basic_string<char,struct std::char_traits<char>,class std::allocator<char> > const &)" (?DhtKeyGetNetId@DhtKeyManager@dht@lego@@SAIABV?$basic_string@DU?$char_traits@D@std@@V?$allocator@D@2@@std@@@Z)
client.lib(vpn_client.obj) : error LNK2001: 无法解析的外部符号 "public: class std::vector<class std::shared_ptr<struct lego::dht::Node>,class std::allocator<class std::shared_ptr<struct lego::dht::Node> > > __thiscall lego::network::Universal::LocalGetNetworkNodes(unsigned int,unsigned char,unsigned int)" (?LocalGetNetworkNodes@Universal@network@lego@@QAE?AV?$vector@V?$shared_ptr@UNode@dht@lego@@@std@@V?$allocator@V?$shared_ptr@UNode@dht@lego@@@std@@@2@@std@@IEI@Z)
client.lib(vpn_client.obj) : error LNK2001: 无法解析的外部符号 "public: static class lego::network::UniversalManager * __cdecl lego::network::UniversalManager::Instance(void)" (?Instance@UniversalManager@network@lego@@SAPAV123@XZ)
client.lib(vpn_client.obj) : error LNK2001: 无法解析的外部符号 "public: class std::shared_ptr<class lego::dht::BaseDht> __thiscall lego::network::UniversalManager::GetUniversal(unsigned int)" (?GetUniversal@UniversalManager@network@lego@@QAE?AV?$shared_ptr@VBaseDht@dht@lego@@@std@@I@Z)
client.lib(vpn_client.obj) : error LNK2001: 无法解析的外部符号 "public: int __thiscall lego::network::UniversalManager::CreateUniversalNetwork(class lego::common::Config const &,class std::shared_ptr<class lego::transport::Transport> &)" (?CreateUniversalNetwork@UniversalManager@network@lego@@QAEHABVConfig@common@3@AAV?$shared_ptr@VTransport@transport@lego@@@std@@@Z)
client.lib(vpn_client.obj) : error LNK2001: 无法解析的外部符号 "public: static class lego::network::Bootstrap * __cdecl lego::network::Bootstrap::Instance(void)" (?Instance@Bootstrap@network@lego@@SAPAV123@XZ)
client.lib(vpn_client.obj) : error LNK2001: 无法解析的外部符号 "public: int __thiscall lego::network::Bootstrap::Init(class lego::common::Config &)" (?Init@Bootstrap@network@lego@@QAEHAAVConfig@common@3@@Z)
client.lib(vpn_client.obj) : error LNK2001: 无法解析的外部符号 "public: class std::vector<class std::shared_ptr<struct lego::dht::Node>,class std::allocator<class std::shared_ptr<struct lego::dht::Node> > > __thiscall lego::network::Bootstrap::GetNetworkBootstrap(unsigned int,unsigned int)" (?GetNetworkBootstrap@Bootstrap@network@lego@@QAE?AV?$vector@V?$shared_ptr@UNode@dht@lego@@@std@@V?$allocator@V?$shared_ptr@UNode@dht@lego@@@std@@@2@@std@@II@Z)
client.lib(vpn_client.obj) : error LNK2001: 无法解析的外部符号 "public: static class lego::network::DhtManager * __cdecl lego::network::DhtManager::Instance(void)" (?Instance@DhtManager@network@lego@@SAPAV123@XZ)
client.lib(vpn_client.obj) : error LNK2001: 无法解析的外部符号 "public: void __thiscall lego::network::DhtManager::RegisterDht(unsigned int,class std::shared_ptr<class lego::dht::BaseDht> &)" (?RegisterDht@DhtManager@network@lego@@QAEXIAAV?$shared_ptr@VBaseDht@dht@lego@@@std@@@Z)
client.lib(vpn_client.obj) : error LNK2001: 无法解析的外部符号 "public: static class lego::network::Route * __cdecl lego::network::Route::Instance(void)" (?Instance@Route@network@lego@@SAPAV123@XZ)
client.lib(vpn_client.obj) : error LNK2001: 无法解析的外部符号 "public: int __thiscall lego::network::Route::Send(class lego::transport::protobuf::Header &)" (?Send@Route@network@lego@@QAEHAAVHeader@protobuf@transport@3@@Z)
client.lib(vpn_client.obj) : error LNK2001: 无法解析的外部符号 "public: void __thiscall lego::network::Route::RegisterMessage(unsigned int,class std::function<void __cdecl(class lego::transport::protobuf::Header &)>)" (?RegisterMessage@Route@network@lego@@QAEXIV?$function@$$A6AXAAVHeader@protobuf@transport@lego@@@Z@std@@@Z)
client.lib(vpn_client.obj) : error LNK2001: 无法解析的外部符号 "class google::protobuf::internal::ExplicitlyConstructed<class std::basic_string<char,struct std::char_traits<char>,class std::allocator<char> > > google::protobuf::internal::fixed_address_empty_string" (?fixed_address_empty_string@internal@protobuf@google@@3V?$ExplicitlyConstructed@V?$basic_string@DU?$char_traits@D@std@@V?$allocator@D@2@@std@@@123@A)
client.lib(client.pb.obj) : error LNK2001: 无法解析的外部符号 "class google::protobuf::internal::ExplicitlyConstructed<class std::basic_string<char,struct std::char_traits<char>,class std::allocator<char> > > google::protobuf::internal::fixed_address_empty_string" (?fixed_address_empty_string@internal@protobuf@google@@3V?$ExplicitlyConstructed@V?$basic_string@DU?$char_traits@D@std@@V?$allocator@D@2@@std@@@123@A)
client.lib(client_universal_dht.obj) : error LNK2001: 无法解析的外部符号 "public: __thiscall lego::dht::BaseDht::BaseDht(class std::shared_ptr<class lego::transport::Transport> &,class std::shared_ptr<struct lego::dht::Node> &)" (??0BaseDht@dht@lego@@QAE@AAV?$shared_ptr@VTransport@transport@lego@@@std@@AAV?$shared_ptr@UNode@dht@lego@@@4@@Z)
client.lib(client_universal_dht.obj) : error LNK2001: 无法解析的外部符号 "public: virtual __thiscall lego::dht::BaseDht::~BaseDht(void)" (??1BaseDht@dht@lego@@UAE@XZ)
client.lib(client_universal_dht.obj) : error LNK2001: 无法解析的外部符号 "public: virtual int __thiscall lego::dht::BaseDht::Init(void)" (?Init@BaseDht@dht@lego@@UAEHXZ)
client.lib(client_universal_dht.obj) : error LNK2001: 无法解析的外部符号 "public: virtual int __thiscall lego::dht::BaseDht::Destroy(void)" (?Destroy@BaseDht@dht@lego@@UAEHXZ)
client.lib(client_universal_dht.obj) : error LNK2001: 无法解析的外部符号 "public: virtual int __thiscall lego::dht::BaseDht::Join(class std::shared_ptr<struct lego::dht::Node> &)" (?Join@BaseDht@dht@lego@@UAEHAAV?$shared_ptr@UNode@dht@lego@@@std@@@Z)
client.lib(client_universal_dht.obj) : error LNK2001: 无法解析的外部符号 "public: virtual int __thiscall lego::dht::BaseDht::Drop(class std::shared_ptr<struct lego::dht::Node> &)" (?Drop@BaseDht@dht@lego@@UAEHAAV?$shared_ptr@UNode@dht@lego@@@std@@@Z)
client.lib(client_universal_dht.obj) : error LNK2001: 无法解析的外部符号 "public: virtual int __thiscall lego::dht::BaseDht::Bootstrap(class std::vector<class std::shared_ptr<struct lego::dht::Node>,class std::allocator<class std::shared_ptr<struct lego::dht::Node> > > const &)" (?Bootstrap@BaseDht@dht@lego@@UAEHABV?$vector@V?$shared_ptr@UNode@dht@lego@@@std@@V?$allocator@V?$shared_ptr@UNode@dht@lego@@@std@@@2@@std@@@Z)
client.lib(client_universal_dht.obj) : error LNK2001: 无法解析的外部符号 "public: virtual void __thiscall lego::dht::BaseDht::HandleMessage(class lego::transport::protobuf::Header &)" (?HandleMessage@BaseDht@dht@lego@@UAEXAAVHeader@protobuf@transport@3@@Z)
client.lib(client_universal_dht.obj) : error LNK2001: 无法解析的外部符号 "public: virtual bool __thiscall lego::dht::BaseDht::CheckDestination(class std::basic_string<char,struct std::char_traits<char>,class std::allocator<char> > const &,bool)" (?CheckDestination@BaseDht@dht@lego@@UAE_NABV?$basic_string@DU?$char_traits@D@std@@V?$allocator@D@2@@std@@_N@Z)
client.lib(client_universal_dht.obj) : error LNK2001: 无法解析的外部符号 "public: virtual void __thiscall lego::dht::BaseDht::SetFrequently(class lego::transport::protobuf::Header &)" (?SetFrequently@BaseDht@dht@lego@@UAEXAAVHeader@protobuf@transport@3@@Z)
client.lib(client_universal_dht.obj) : error LNK2001: 无法解析的外部符号 "public: static class lego::transport::SynchroWait * __cdecl lego::transport::SynchroWait::Instance(void)" (?Instance@SynchroWait@transport@lego@@SAPAV123@XZ)
client.lib(client_universal_dht.obj) : error LNK2001: 无法解析的外部符号 "public: void __thiscall lego::transport::SynchroWait::Callback(unsigned int,class lego::transport::protobuf::Header &)" (?Callback@SynchroWait@transport@lego@@QAEXIAAVHeader@protobuf@23@@Z)
client.lib(client.pb.obj) : error LNK2001: 无法解析的外部符号 "void __cdecl google::protobuf::internal::VerifyVersion(int,int,char const *)" (?VerifyVersion@internal@protobuf@google@@YAXHHPBD@Z)
client.lib(client.pb.obj) : error LNK2001: 无法解析的外部符号 "void __cdecl google::protobuf::internal::OnShutdownRun(void (__cdecl*)(void const *),void const *)" (?OnShutdownRun@internal@protobuf@google@@YAXP6AXPBX@Z0@Z)
client.lib(client.pb.obj) : error LNK2001: 无法解析的外部符号 "public: int __thiscall google::protobuf::io::CodedInputStream::PushLimit(int)" (?PushLimit@CodedInputStream@io@protobuf@google@@QAEHH@Z)
client.lib(client.pb.obj) : error LNK2001: 无法解析的外部符号 "public: void __thiscall google::protobuf::io::CodedInputStream::PopLimit(int)" (?PopLimit@CodedInputStream@io@protobuf@google@@QAEXH@Z)
client.lib(client.pb.obj) : error LNK2001: 无法解析的外部符号 "public: int __thiscall google::protobuf::io::CodedInputStream::BytesUntilLimit(void)const " (?BytesUntilLimit@CodedInputStream@io@protobuf@google@@QBEHXZ)
client.lib(client.pb.obj) : error LNK2001: 无法解析的外部符号 "public: struct std::pair<int,int> __thiscall google::protobuf::io::CodedInputStream::IncrementRecursionDepthAndPushLimit(int)" (?IncrementRecursionDepthAndPushLimit@CodedInputStream@io@protobuf@google@@QAE?AU?$pair@HH@std@@H@Z)
client.lib(client.pb.obj) : error LNK2001: 无法解析的外部符号 "public: bool __thiscall google::protobuf::io::CodedInputStream::DecrementRecursionDepthAndPopLimit(int)" (?DecrementRecursionDepthAndPopLimit@CodedInputStream@io@protobuf@google@@QAE_NH@Z)
client.lib(client.pb.obj) : error LNK2001: 无法解析的外部符号 "private: __int64 __thiscall google::protobuf::io::CodedInputStream::ReadVarint32Fallback(unsigned int)" (?ReadVarint32Fallback@CodedInputStream@io@protobuf@google@@AAE_JI@Z)
client.lib(client.pb.obj) : error LNK2001: 无法解析的外部符号 "private: int __thiscall google::protobuf::io::CodedInputStream::ReadVarintSizeAsIntFallback(void)" (?ReadVarintSizeAsIntFallback@CodedInputStream@io@protobuf@google@@AAEHXZ)
client.lib(client.pb.obj) : error LNK2001: 无法解析的外部符号 "private: struct std::pair<unsigned __int64,bool> __thiscall google::protobuf::io::CodedInputStream::ReadVarint64Fallback(void)" (?ReadVarint64Fallback@CodedInputStream@io@protobuf@google@@AAE?AU?$pair@_K_N@std@@XZ)
client.lib(client.pb.obj) : error LNK2001: 无法解析的外部符号 "private: unsigned int __thiscall google::protobuf::io::CodedInputStream::ReadTagFallback(unsigned int)" (?ReadTagFallback@CodedInputStream@io@protobuf@google@@AAEII@Z)
client.lib(client.pb.obj) : error LNK2001: 无法解析的外部符号 "public: static unsigned char * __cdecl google::protobuf::io::CodedOutputStream::WriteStringWithSizeToArray(class std::basic_string<char,struct std::char_traits<char>,class std::allocator<char> > const &,unsigned char *)" (?WriteStringWithSizeToArray@CodedOutputStream@io@protobuf@google@@SAPAEABV?$basic_string@DU?$char_traits@D@std@@V?$allocator@D@2@@std@@PAE@Z)
client.lib(client.pb.obj) : error LNK2001: 无法解析的外部符号 "public: void * __thiscall google::protobuf::internal::ArenaImpl::AllocateAligned(unsigned int)" (?AllocateAligned@ArenaImpl@internal@protobuf@google@@QAEPAXI@Z)
client.lib(client.pb.obj) : error LNK2001: 无法解析的外部符号 "public: void * __thiscall google::protobuf::internal::ArenaImpl::AllocateAlignedAndAddCleanup(unsigned int,void (__cdecl*)(void *))" (?AllocateAlignedAndAddCleanup@ArenaImpl@internal@protobuf@google@@QAEPAXIP6AXPAX@Z@Z)
client.lib(client.pb.obj) : error LNK2001: 无法解析的外部符号 "public: void __thiscall google::protobuf::internal::ArenaImpl::AddCleanup(void *,void (__cdecl*)(void *))" (?AddCleanup@ArenaImpl@internal@protobuf@google@@QAEXPAXP6AX0@Z@Z)
client.lib(client.pb.obj) : error LNK2001: 无法解析的外部符号 "private: void __thiscall google::protobuf::Arena::OnArenaAllocation(class type_info const *,unsigned int)const " (?OnArenaAllocation@Arena@protobuf@google@@ABEXPBVtype_info@@I@Z)
client.lib(client.pb.obj) : error LNK2001: 无法解析的外部符号 "public: virtual class google::protobuf::MessageLite * __thiscall google::protobuf::MessageLite::New(class google::protobuf::Arena *)const " (?New@MessageLite@protobuf@google@@UBEPAV123@PAVArena@23@@Z)
client.lib(client.pb.obj) : error LNK2001: 无法解析的外部符号 "public: virtual class std::basic_string<char,struct std::char_traits<char>,class std::allocator<char> > __thiscall google::protobuf::MessageLite::InitializationErrorString(void)const " (?InitializationErrorString@MessageLite@protobuf@google@@UBE?AV?$basic_string@DU?$char_traits@D@std@@V?$allocator@D@2@@std@@XZ)
client.lib(client.pb.obj) : error LNK2001: 无法解析的外部符号 "public: virtual void __thiscall google::protobuf::MessageLite::SerializeWithCachedSizes(class google::protobuf::io::CodedOutputStream *)const " (?SerializeWithCachedSizes@MessageLite@protobuf@google@@UBEXPAVCodedOutputStream@io@23@@Z)
client.lib(client.pb.obj) : error LNK2001: 无法解析的外部符号 "public: virtual unsigned char * __thiscall google::protobuf::MessageLite::SerializeWithCachedSizesToArray(unsigned char *)const " (?SerializeWithCachedSizesToArray@MessageLite@protobuf@google@@UBEPAEPAE@Z)
client.lib(client.pb.obj) : error LNK2001: 无法解析的外部符号 "public: virtual unsigned char * __thiscall google::protobuf::MessageLite::InternalSerializeWithCachedSizesToArray(bool,unsigned char *)const " (?InternalSerializeWithCachedSizesToArray@MessageLite@protobuf@google@@UBEPAE_NPAE@Z)
client.lib(client.pb.obj) : error LNK2001: 无法解析的外部符号 "public: static bool __cdecl google::protobuf::internal::WireFormatLite::ReadBytes(class google::protobuf::io::CodedInputStream *,class std::basic_string<char,struct std::char_traits<char>,class std::allocator<char> > *)" (?ReadBytes@WireFormatLite@internal@protobuf@google@@SA_NPAVCodedInputStream@io@34@PAV?$basic_string@DU?$char_traits@D@std@@V?$allocator@D@2@@std@@@Z)
client.lib(client.pb.obj) : error LNK2001: 无法解析的外部符号 "public: static void __cdecl google::protobuf::internal::WireFormatLite::WriteInt32(int,int,class google::protobuf::io::CodedOutputStream *)" (?WriteInt32@WireFormatLite@internal@protobuf@google@@SAXHHPAVCodedOutputStream@io@34@@Z)
client.lib(client.pb.obj) : error LNK2001: 无法解析的外部符号 "public: static void __cdecl google::protobuf::internal::WireFormatLite::WriteUInt32(int,unsigned int,class google::protobuf::io::CodedOutputStream *)" (?WriteUInt32@WireFormatLite@internal@protobuf@google@@SAXHIPAVCodedOutputStream@io@34@@Z)
client.lib(client.pb.obj) : error LNK2001: 无法解析的外部符号 "public: static void __cdecl google::protobuf::internal::WireFormatLite::WriteUInt64(int,unsigned __int64,class google::protobuf::io::CodedOutputStream *)" (?WriteUInt64@WireFormatLite@internal@protobuf@google@@SAXH_KPAVCodedOutputStream@io@34@@Z)
client.lib(client.pb.obj) : error LNK2001: 无法解析的外部符号 "public: static void __cdecl google::protobuf::internal::WireFormatLite::WriteBool(int,bool,class google::protobuf::io::CodedOutputStream *)" (?WriteBool@WireFormatLite@internal@protobuf@google@@SAXH_NPAVCodedOutputStream@io@34@@Z)
client.lib(client.pb.obj) : error LNK2001: 无法解析的外部符号 "public: static void __cdecl google::protobuf::internal::WireFormatLite::WriteBytesMaybeAliased(int,class std::basic_string<char,struct std::char_traits<char>,class std::allocator<char> > const &,class google::protobuf::io::CodedOutputStream *)" (?WriteBytesMaybeAliased@WireFormatLite@internal@protobuf@google@@SAXHABV?$basic_string@DU?$char_traits@D@std@@V?$allocator@D@2@@std@@PAVCodedOutputStream@io@34@@Z)
client.lib(client.pb.obj) : error LNK2001: 无法解析的外部符号 "public: static void __cdecl google::protobuf::internal::WireFormatLite::WriteMessageMaybeToArray(int,class google::protobuf::MessageLite const &,class google::protobuf::io::CodedOutputStream *)" (?WriteMessageMaybeToArray@WireFormatLite@internal@protobuf@google@@SAXHABVMessageLite@34@PAVCodedOutputStream@io@34@@Z)
client.lib(client.pb.obj) : error LNK2001: 无法解析的外部符号 "public: static unsigned int __cdecl google::protobuf::internal::WireFormatLite::UInt64Size(class google::protobuf::RepeatedField<unsigned __int64> const &)" (?UInt64Size@WireFormatLite@internal@protobuf@google@@SAIABV?$RepeatedField@_K@34@@Z)
client.lib(client.pb.obj) : error LNK2001: 无法解析的外部符号 "void __cdecl google::protobuf::internal::InitSCCImpl(struct google::protobuf::internal::SCCInfoBase *)" (?InitSCCImpl@internal@protobuf@google@@YAXPAUSCCInfoBase@123@@Z)
client.lib(client.pb.obj) : error LNK2001: 无法解析的外部符号 "void __cdecl google::protobuf::internal::DestroyMessage(void const *)" (?DestroyMessage@internal@protobuf@google@@YAXPBX@Z)
client.lib(client.pb.obj) : error LNK2001: 无法解析的外部符号 "public: void __thiscall google::protobuf::UnknownFieldSet::MergeFrom(class google::protobuf::UnknownFieldSet const &)" (?MergeFrom@UnknownFieldSet@protobuf@google@@QAEXABV123@@Z)
client.lib(client.pb.obj) : error LNK2001: 无法解析的外部符号 "public: static class google::protobuf::UnknownFieldSet const * __cdecl google::protobuf::UnknownFieldSet::default_instance(void)" (?default_instance@UnknownFieldSet@protobuf@google@@SAPBV123@XZ)
client.lib(client.pb.obj) : error LNK2001: 无法解析的外部符号 "private: void __thiscall google::protobuf::UnknownFieldSet::ClearFallback(void)" (?ClearFallback@UnknownFieldSet@protobuf@google@@AAEXXZ)
client.lib(client.pb.obj) : error LNK2001: 无法解析的外部符号 "public: static void __cdecl google::protobuf::DescriptorPool::InternalAddGeneratedFile(void const *,int)" (?InternalAddGeneratedFile@DescriptorPool@protobuf@google@@SAXPBXH@Z)
client.lib(client.pb.obj) : error LNK2001: 无法解析的外部符号 "public: virtual void __thiscall google::protobuf::Message::CopyFrom(class google::protobuf::Message const &)" (?CopyFrom@Message@protobuf@google@@UAEXABV123@@Z)
client.lib(client.pb.obj) : error LNK2001: 无法解析的外部符号 "public: virtual void __thiscall google::protobuf::Message::MergeFrom(class google::protobuf::Message const &)" (?MergeFrom@Message@protobuf@google@@UAEXABV123@@Z)
client.lib(client.pb.obj) : error LNK2001: 无法解析的外部符号 "public: virtual class std::basic_string<char,struct std::char_traits<char>,class std::allocator<char> > __thiscall google::protobuf::Message::InitializationErrorString(void)const " (?InitializationErrorString@Message@protobuf@google@@UBE?AV?$basic_string@DU?$char_traits@D@std@@V?$allocator@D@2@@std@@XZ)
client.lib(client.pb.obj) : error LNK2001: 无法解析的外部符号 "public: virtual void __thiscall google::protobuf::Message::DiscardUnknownFields(void)" (?DiscardUnknownFields@Message@protobuf@google@@UAEXXZ)
client.lib(client.pb.obj) : error LNK2001: 无法解析的外部符号 "public: virtual unsigned int __thiscall google::protobuf::Message::SpaceUsedLong(void)const " (?SpaceUsedLong@Message@protobuf@google@@UBEIXZ)
client.lib(client.pb.obj) : error LNK2001: 无法解析的外部符号 "public: virtual class std::basic_string<char,struct std::char_traits<char>,class std::allocator<char> > __thiscall google::protobuf::Message::GetTypeName(void)const " (?GetTypeName@Message@protobuf@google@@UBE?AV?$basic_string@DU?$char_traits@D@std@@V?$allocator@D@2@@std@@XZ)
client.lib(client.pb.obj) : error LNK2001: 无法解析的外部符号 "public: virtual void __thiscall google::protobuf::Message::Clear(void)" (?Clear@Message@protobuf@google@@UAEXXZ)
client.lib(client.pb.obj) : error LNK2001: 无法解析的外部符号 "public: virtual bool __thiscall google::protobuf::Message::IsInitialized(void)const " (?IsInitialized@Message@protobuf@google@@UBE_NXZ)
client.lib(client.pb.obj) : error LNK2001: 无法解析的外部符号 "public: virtual void __thiscall google::protobuf::Message::CheckTypeAndMergeFrom(class google::protobuf::MessageLite const &)" (?CheckTypeAndMergeFrom@Message@protobuf@google@@UAEXABVMessageLite@23@@Z)
client.lib(client.pb.obj) : error LNK2001: 无法解析的外部符号 "public: virtual bool __thiscall google::protobuf::Message::MergePartialFromCodedStream(class google::protobuf::io::CodedInputStream *)" (?MergePartialFromCodedStream@Message@protobuf@google@@UAE_NPAVCodedInputStream@io@23@@Z)
client.lib(client.pb.obj) : error LNK2001: 无法解析的外部符号 "public: virtual unsigned int __thiscall google::protobuf::Message::ByteSizeLong(void)const " (?ByteSizeLong@Message@protobuf@google@@UBEIXZ)
client.lib(client.pb.obj) : error LNK2001: 无法解析的外部符号 "public: virtual void __thiscall google::protobuf::Message::SerializeWithCachedSizes(class google::protobuf::io::CodedOutputStream *)const " (?SerializeWithCachedSizes@Message@protobuf@google@@UBEXPAVCodedOutputStream@io@23@@Z)
client.lib(client.pb.obj) : error LNK2001: 无法解析的外部符号 "private: virtual void __thiscall google::protobuf::Message::SetCachedSize(int)const " (?SetCachedSize@Message@protobuf@google@@EBEXH@Z)
client.lib(client.pb.obj) : error LNK2001: 无法解析的外部符号 "public: static void __cdecl google::protobuf::MessageFactory::InternalRegisterGeneratedFile(char const *,void (__cdecl*)(class std::basic_string<char,struct std::char_traits<char>,class std::allocator<char> > const &))" (?InternalRegisterGeneratedFile@MessageFactory@protobuf@google@@SAXPBDP6AXABV?$basic_string@DU?$char_traits@D@std@@V?$allocator@D@2@@std@@@Z@Z)
client.lib(client.pb.obj) : error LNK2001: 无法解析的外部符号 "void __cdecl google::protobuf::internal::AssignDescriptors(class std::basic_string<char,struct std::char_traits<char>,class std::allocator<char> > const &,struct google::protobuf::internal::MigrationSchema const *,class google::protobuf::Message const * const *,unsigned int const *,struct google::protobuf::Metadata *,class google::protobuf::EnumDescriptor const * *,class google::protobuf::ServiceDescriptor const * *)" (?AssignDescriptors@internal@protobuf@google@@YAXABV?$basic_string@DU?$char_traits@D@std@@V?$allocator@D@2@@std@@PBUMigrationSchema@123@PBQBVMessage@23@PBIPAUMetadata@23@PAPBVEnumDescriptor@23@PAPBVServiceDescriptor@23@@Z)
client.lib(client.pb.obj) : error LNK2001: 无法解析的外部符号 "void __cdecl google::protobuf::internal::RegisterAllTypes(struct google::protobuf::Metadata const *,int)" (?RegisterAllTypes@internal@protobuf@google@@YAXPBUMetadata@23@H@Z)
client.lib(client.pb.obj) : error LNK2001: 无法解析的外部符号 "public: static void __cdecl google::protobuf::internal::ReflectionOps::Merge(class google::protobuf::Message const &,class google::protobuf::Message *)" (?Merge@ReflectionOps@internal@protobuf@google@@SAXABVMessage@34@PAV534@@Z)
client.lib(client.pb.obj) : error LNK2001: 无法解析的外部符号 "public: static bool __cdecl google::protobuf::internal::WireFormat::SkipField(class google::protobuf::io::CodedInputStream *,unsigned int,class google::protobuf::UnknownFieldSet *)" (?SkipField@WireFormat@internal@protobuf@google@@SA_NPAVCodedInputStream@io@34@IPAVUnknownFieldSet@34@@Z)
client.lib(client.pb.obj) : error LNK2001: 无法解析的外部符号 "public: static void __cdecl google::protobuf::internal::WireFormat::SerializeUnknownFields(class google::protobuf::UnknownFieldSet const &,class google::protobuf::io::CodedOutputStream *)" (?SerializeUnknownFields@WireFormat@internal@protobuf@google@@SAXABVUnknownFieldSet@34@PAVCodedOutputStream@io@34@@Z)
client.lib(client.pb.obj) : error LNK2001: 无法解析的外部符号 "public: static unsigned char * __cdecl google::protobuf::internal::WireFormat::SerializeUnknownFieldsToArray(class google::protobuf::UnknownFieldSet const &,unsigned char *)" (?SerializeUnknownFieldsToArray@WireFormat@internal@protobuf@google@@SAPAEABVUnknownFieldSet@34@PAE@Z)
client.lib(client.pb.obj) : error LNK2001: 无法解析的外部符号 "public: static unsigned int __cdecl google::protobuf::internal::WireFormat::ComputeUnknownFieldsSize(class google::protobuf::UnknownFieldSet const &)" (?ComputeUnknownFieldsSize@WireFormat@internal@protobuf@google@@SAIABVUnknownFieldSet@34@@Z)
D:\lego\lego\sln\Release\client_dll.dll : fatal error LNK1120: 146 个无法解析的外部命令
