d:\lego\lego\dll\dll\debug\dll.pch
d:\lego\lego\dll\dll\debug\vc141.pdb
d:\lego\lego\dll\dll\debug\vc141.idb
d:\lego\lego\dll\dll\debug\stdafx.obj
d:\lego\lego\dll\dll\debug\config.obj
d:\lego\lego\dll\dll\debug\bloom_filter.obj
d:\lego\lego\dll\dll\debug\bitmap.obj
d:\lego\lego\dll\dll\debug\filter_broadcast.obj
d:\lego\lego\dll\dll\debug\broadcast.obj
d:\lego\lego\dll\dll\debug\block.pb.obj
d:\lego\lego\dll\dll\debug\genesis_block.obj
d:\lego\lego\dll\dll\debug\block_manager.obj
d:\lego\lego\dll\dll\debug\account_manager.obj
d:\lego\lego\dll\dll\debug\bft_proto.obj
d:\lego\lego\dll\dll\debug\bft.pb.obj
d:\lego\lego\dll\dll\debug\member_manager.obj
d:\lego\lego\dll\dll\debug\dispatch_pool.obj
d:\lego\lego\dll\dll\debug\bft_manager.obj
d:\lego\lego\dll\dll\debug\bft_interface.obj
d:\lego\lego\dll\dll\debug\tx_pool_manager.obj
d:\lego\lego\dll\dll\debug\tx_pool.obj
d:\lego\lego\dll\dll\debug\tx_bft.obj
d:\lego\lego\dll\dll\debug\tx_proto.obj
d:\lego\lego\dll\dll\debug\tx.pb.obj
d:\lego\lego\dll\dll\debug\dll_interface.obj
d:\lego\lego\dll\dll\debug\dllmain.obj
d:\lego\lego\dll\dll\debug\dll.obj
d:\lego\lego\dll\dll\debug\dht_proto.obj
d:\lego\lego\dll\dll\debug\dht.pb.obj
d:\lego\lego\dll\dll\debug\dht_key.obj
d:\lego\lego\dll\dll\debug\dht_function.obj
d:\lego\lego\dll\dll\debug\base_dht.obj
d:\lego\lego\dll\dll\debug\dict.obj
d:\lego\lego\dll\dll\debug\db.obj
d:\lego\lego\dll\dll\debug\utils.obj
d:\lego\lego\dll\dll\debug\tick.obj
d:\lego\lego\dll\dll\debug\thread_pool.obj
d:\lego\lego\dll\dll\debug\string_utils.obj
d:\lego\lego\dll\dll\debug\state_lock.obj
d:\lego\lego\dll\dll\debug\random.obj
d:\lego\lego\dll\dll\debug\parse_args.obj
d:\lego\lego\dll\dll\debug\hash.obj
d:\lego\lego\dll\dll\debug\global_info.obj
d:\lego\lego\dll\dll\debug\encode.obj
d:\lego\lego\dll\dll\debug\commit_point_hash.obj
d:\lego\lego\dll\dll\debug\commit_point.obj
d:\lego\lego\dll\dll\debug\challenge.obj
d:\lego\lego\dll\dll\debug\aes.obj
d:\lego\lego\dll\dll\debug\universal_manager.obj
d:\lego\lego\dll\dll\debug\universal.obj
d:\lego\lego\dll\dll\debug\route.obj
d:\lego\lego\dll\dll\debug\network_proto.obj
d:\lego\lego\dll\dll\debug\network.pb.obj
d:\lego\lego\dll\dll\debug\dht_manager.obj
d:\lego\lego\dll\dll\debug\bootstrap.obj
d:\lego\lego\dll\dll\debug\nat.pb.obj
d:\lego\lego\dll\dll\debug\detection.obj
d:\lego\lego\dll\dll\debug\ip_with_country.obj
d:\lego\lego\dll\dll\debug\cidr.obj
d:\lego\lego\dll\dll\debug\elect_proto.obj
d:\lego\lego\dll\dll\debug\elect.pb.obj
d:\lego\lego\dll\dll\debug\elect_node.obj
d:\lego\lego\dll\dll\debug\elect_manager.obj
d:\lego\lego\dll\dll\debug\elect_dht.obj
d:\lego\lego\dll\dll\debug\rudp.obj
d:\lego\lego\dll\dll\debug\transport.pb.obj
d:\lego\lego\dll\dll\debug\processor.obj
d:\lego\lego\dll\dll\debug\multi_thread.obj
d:\lego\lego\dll\dll\debug\message_filter.obj
d:\lego\lego\dll\dll\debug\ikcp.obj
d:\lego\lego\dll\dll\debug\http_transport.obj
d:\lego\lego\dll\dll\debug\endpoint.obj
d:\lego\lego\dll\dll\debug\client_relay.obj
d:\lego\lego\dll\dll\debug\statistics.obj
d:\lego\lego\dll\dll\debug\signature.obj
d:\lego\lego\dll\dll\debug\security_string_trans.obj
d:\lego\lego\dll\dll\debug\schnorr.obj
d:\lego\lego\dll\dll\debug\response.obj
d:\lego\lego\dll\dll\debug\public_key.obj
d:\lego\lego\dll\dll\debug\private_key.obj
d:\lego\lego\dll\dll\debug\multi_sign.obj
d:\lego\lego\dll\dll\debug\ecdh_create_key.obj
d:\lego\lego\dll\dll\debug\crypto_utils.obj
d:\lego\lego\dll\dll\debug\commit_secret.obj
d:\lego\lego\dll\dll\debug\vss_manager.obj
d:\lego\lego\dll\dll\debug\xxhsum.obj
d:\lego\lego\dll\dll\debug\xxhash.obj
d:\lego\lego\dll\dll\debug\sha1.obj
d:\lego\lego\dll\dll\debug\md5.obj
d:\lego\lego\dll\dll\debug\udp_transport.obj
d:\lego\lego\dll\dll\debug\synchro_wait.obj
d:\lego\lego\dll\dll\debug\session_manager.obj
d:\lego\lego\dll\dll\debug\network_init.obj
d:\lego\lego\dll\dll\debug\command.obj
d:\lego\lego\dll\dll\debug\vpn_client.obj
d:\lego\lego\dll\dll\debug\trans_client.obj
d:\lego\lego\dll\dll\debug\client.pb.obj
d:\lego\lego\dll\dll\debug\client_universal_dht.obj
d:\lego\lego\dll\dll\debug\consensus_shard_manager.obj
d:\lego\lego\dll\dll\debug\congress_init.obj
d:\lego\lego\dll\dll\debug\congress_dht.obj
d:\lego\lego\dll\debug\dll.lib
d:\lego\lego\dll\debug\dll.exp
d:\lego\lego\dll\debug\dll.dll
d:\lego\lego\dll\debug\dll.ilk
d:\lego\lego\dll\debug\dll.pdb
d:\lego\lego\dll\dll\debug\dll.tlog\cl.command.1.tlog
d:\lego\lego\dll\dll\debug\dll.tlog\cl.read.1.tlog
d:\lego\lego\dll\dll\debug\dll.tlog\cl.write.1.tlog
d:\lego\lego\dll\dll\debug\dll.tlog\dll.write.1u.tlog
d:\lego\lego\dll\dll\debug\dll.tlog\link.19688.delete.1.tlog
d:\lego\lego\dll\dll\debug\dll.tlog\link.command.1.tlog
d:\lego\lego\dll\dll\debug\dll.tlog\link.read.1.tlog
d:\lego\lego\dll\dll\debug\dll.tlog\link.write.1.tlog
